[debug] [2022-01-24T22:17:50.426Z] ----------------------------------------------------------------------
[debug] [2022-01-24T22:17:50.427Z] Command:       /opt/homebrew/Cellar/node/17.4.0/bin/node /opt/homebrew/bin/firebase init
[debug] [2022-01-24T22:17:50.427Z] CLI Version:   10.1.1
[debug] [2022-01-24T22:17:50.427Z] Platform:      darwin
[debug] [2022-01-24T22:17:50.427Z] Node Version:  v17.4.0
[debug] [2022-01-24T22:17:50.428Z] Time:          Mon Jan 24 2022 16:17:50 GMT-0600 (Central Standard Time)
[debug] [2022-01-24T22:17:50.428Z] ----------------------------------------------------------------------
[debug] 
[debug] [2022-01-24T22:17:50.453Z] > command requires scopes: ["email","openid","https://www.googleapis.com/auth/cloudplatformprojects.readonly","https://www.googleapis.com/auth/firebase","https://www.googleapis.com/auth/cloud-platform"]
[debug] [2022-01-24T22:17:50.453Z] > authorizing via signed-in user (daniel.petikian1@gmail.com)
[info] 
     ######## #### ########  ######## ########     ###     ######  ########
     ##        ##  ##     ## ##       ##     ##  ##   ##  ##       ##
     ######    ##  ########  ######   ########  #########  ######  ######
     ##        ##  ##    ##  ##       ##     ## ##     ##       ## ##
     ##       #### ##     ## ######## ########  ##     ##  ######  ########

You're about to initialize a Firebase project in this directory:

  /Users/danielpetikian/projects/394/WildcatFinder

Before we get started, keep in mind:

  * You are initializing within an existing Firebase project directory

